  Yeje605.c
c:\users\administrator\source\repos\chapter04\c_language_practice\chapter04\yeje605.c(128): warning C4013: 'time'이(가) 정의되지 않았습니다. extern은 int형을 반환하는 것으로 간주합니다.
c:\users\administrator\source\repos\chapter04\c_language_practice\chapter04\yeje605.c(162): warning C4996: '_sleep': This function or variable has been superceded by newer library or operating system functionality. Consider using Sleep instead. See online help for details.
  c:\program files (x86)\windows kits\10\include\10.0.17763.0\ucrt\stdlib.h(1274): note: '_sleep' 선언을 참조하십시오.
c:\users\administrator\source\repos\chapter04\c_language_practice\chapter04\yeje605.c(164): warning C4996: '_sleep': This function or variable has been superceded by newer library or operating system functionality. Consider using Sleep instead. See online help for details.
  c:\program files (x86)\windows kits\10\include\10.0.17763.0\ucrt\stdlib.h(1274): note: '_sleep' 선언을 참조하십시오.
c:\users\administrator\source\repos\chapter04\c_language_practice\chapter04\yeje605.c(171): warning C4996: '_sleep': This function or variable has been superceded by newer library or operating system functionality. Consider using Sleep instead. See online help for details.
  c:\program files (x86)\windows kits\10\include\10.0.17763.0\ucrt\stdlib.h(1274): note: '_sleep' 선언을 참조하십시오.
c:\users\administrator\source\repos\chapter04\c_language_practice\chapter04\yeje605.c(173): warning C4996: '_sleep': This function or variable has been superceded by newer library or operating system functionality. Consider using Sleep instead. See online help for details.
  c:\program files (x86)\windows kits\10\include\10.0.17763.0\ucrt\stdlib.h(1274): note: '_sleep' 선언을 참조하십시오.
c:\users\administrator\source\repos\chapter04\c_language_practice\chapter04\yeje605.c(129): warning C4101: 'j' :참조되지 않은 지역 변수입니다.
c:\users\administrator\source\repos\chapter04\c_language_practice\chapter04\yeje605.c(183): warning C4101: 'count' :참조되지 않은 지역 변수입니다.
c:\users\administrator\source\repos\chapter04\c_language_practice\chapter04\yeje605.c(182): warning C4101: 'i' :참조되지 않은 지역 변수입니다.
c:\users\administrator\source\repos\chapter04\c_language_practice\chapter04\yeje605.c(197): warning C4013: 'gets'이(가) 정의되지 않았습니다. extern은 int형을 반환하는 것으로 간주합니다.
c:\users\administrator\source\repos\chapter04\c_language_practice\chapter04\yeje605.c(204): warning C4996: 'scanf': This function or variable may be unsafe. Consider using scanf_s instead. To disable deprecation, use _CRT_SECURE_NO_WARNINGS. See online help for details.
  c:\program files (x86)\windows kits\10\include\10.0.17763.0\ucrt\stdio.h(1274): note: 'scanf' 선언을 참조하십시오.
c:\users\administrator\source\repos\chapter04\c_language_practice\chapter04\yeje605.c(225): warning C4996: 'scanf': This function or variable may be unsafe. Consider using scanf_s instead. To disable deprecation, use _CRT_SECURE_NO_WARNINGS. See online help for details.
  c:\program files (x86)\windows kits\10\include\10.0.17763.0\ucrt\stdio.h(1274): note: 'scanf' 선언을 참조하십시오.
c:\users\administrator\source\repos\chapter04\c_language_practice\chapter04\yeje605.c(230): warning C4996: 'scanf': This function or variable may be unsafe. Consider using scanf_s instead. To disable deprecation, use _CRT_SECURE_NO_WARNINGS. See online help for details.
  c:\program files (x86)\windows kits\10\include\10.0.17763.0\ucrt\stdio.h(1274): note: 'scanf' 선언을 참조하십시오.
c:\users\administrator\source\repos\chapter04\c_language_practice\chapter04\yeje605.c(250): warning C4477: 'scanf' : 서식 문자열 '%d'에 'int *' 형식의 인수가 필요하지만 variadic 인수 1의 형식이 'int'입니다.
c:\users\administrator\source\repos\chapter04\c_language_practice\chapter04\yeje605.c(248): warning C4996: 'scanf': This function or variable may be unsafe. Consider using scanf_s instead. To disable deprecation, use _CRT_SECURE_NO_WARNINGS. See online help for details.
  c:\program files (x86)\windows kits\10\include\10.0.17763.0\ucrt\stdio.h(1274): note: 'scanf' 선언을 참조하십시오.
c:\users\administrator\source\repos\chapter04\c_language_practice\chapter04\yeje605.c(250): warning C4996: 'scanf': This function or variable may be unsafe. Consider using scanf_s instead. To disable deprecation, use _CRT_SECURE_NO_WARNINGS. See online help for details.
  c:\program files (x86)\windows kits\10\include\10.0.17763.0\ucrt\stdio.h(1274): note: 'scanf' 선언을 참조하십시오.
c:\users\administrator\source\repos\chapter04\c_language_practice\chapter04\yeje605.c(263): warning C4477: 'scanf' : 서식 문자열 '%d'에 'int *' 형식의 인수가 필요하지만 variadic 인수 1의 형식이 'int'입니다.
c:\users\administrator\source\repos\chapter04\c_language_practice\chapter04\yeje605.c(263): warning C4477: 'scanf' : 서식 문자열 '%d'에 'int *' 형식의 인수가 필요하지만 variadic 인수 2의 형식이 'int'입니다.
c:\users\administrator\source\repos\chapter04\c_language_practice\chapter04\yeje605.c(263): warning C4477: 'scanf' : 서식 문자열 '%d'에 'int *' 형식의 인수가 필요하지만 variadic 인수 3의 형식이 'double'입니다.
c:\users\administrator\source\repos\chapter04\c_language_practice\chapter04\yeje605.c(263): warning C4996: 'scanf': This function or variable may be unsafe. Consider using scanf_s instead. To disable deprecation, use _CRT_SECURE_NO_WARNINGS. See online help for details.
  c:\program files (x86)\windows kits\10\include\10.0.17763.0\ucrt\stdio.h(1274): note: 'scanf' 선언을 참조하십시오.
c:\users\administrator\source\repos\chapter04\c_language_practice\chapter04\yeje605.c(273): warning C4101: 'area' :참조되지 않은 지역 변수입니다.
c:\users\administrator\source\repos\chapter04\c_language_practice\chapter04\yeje605.c(279): warning C4101: 'perimeter' :참조되지 않은 지역 변수입니다.
c:\users\administrator\source\repos\chapter04\c_language_practice\chapter04\yeje605.c(288): warning C4996: 'scanf': This function or variable may be unsafe. Consider using scanf_s instead. To disable deprecation, use _CRT_SECURE_NO_WARNINGS. See online help for details.
  c:\program files (x86)\windows kits\10\include\10.0.17763.0\ucrt\stdio.h(1274): note: 'scanf' 선언을 참조하십시오.
c:\users\administrator\source\repos\chapter04\c_language_practice\chapter04\yeje605.c(309): warning C4996: 'scanf': This function or variable may be unsafe. Consider using scanf_s instead. To disable deprecation, use _CRT_SECURE_NO_WARNINGS. See online help for details.
  c:\program files (x86)\windows kits\10\include\10.0.17763.0\ucrt\stdio.h(1274): note: 'scanf' 선언을 참조하십시오.
c:\users\administrator\source\repos\chapter04\c_language_practice\chapter04\yeje605.c(311): warning C4996: 'scanf': This function or variable may be unsafe. Consider using scanf_s instead. To disable deprecation, use _CRT_SECURE_NO_WARNINGS. See online help for details.
  c:\program files (x86)\windows kits\10\include\10.0.17763.0\ucrt\stdio.h(1274): note: 'scanf' 선언을 참조하십시오.
c:\users\administrator\source\repos\chapter04\c_language_practice\chapter04\yeje605.c(330): warning C4996: 'scanf': This function or variable may be unsafe. Consider using scanf_s instead. To disable deprecation, use _CRT_SECURE_NO_WARNINGS. See online help for details.
  c:\program files (x86)\windows kits\10\include\10.0.17763.0\ucrt\stdio.h(1274): note: 'scanf' 선언을 참조하십시오.
c:\users\administrator\source\repos\chapter04\c_language_practice\chapter04\yeje605.c(332): warning C4996: 'scanf': This function or variable may be unsafe. Consider using scanf_s instead. To disable deprecation, use _CRT_SECURE_NO_WARNINGS. See online help for details.
  c:\program files (x86)\windows kits\10\include\10.0.17763.0\ucrt\stdio.h(1274): note: 'scanf' 선언을 참조하십시오.
c:\users\administrator\source\repos\chapter04\c_language_practice\chapter04\yeje605.c(469): warning C4996: 'scanf': This function or variable may be unsafe. Consider using scanf_s instead. To disable deprecation, use _CRT_SECURE_NO_WARNINGS. See online help for details.
  c:\program files (x86)\windows kits\10\include\10.0.17763.0\ucrt\stdio.h(1274): note: 'scanf' 선언을 참조하십시오.
c:\users\administrator\source\repos\chapter04\c_language_practice\chapter04\yeje605.c(471): warning C4996: 'scanf': This function or variable may be unsafe. Consider using scanf_s instead. To disable deprecation, use _CRT_SECURE_NO_WARNINGS. See online help for details.
  c:\program files (x86)\windows kits\10\include\10.0.17763.0\ucrt\stdio.h(1274): note: 'scanf' 선언을 참조하십시오.
c:\users\administrator\source\repos\chapter04\c_language_practice\chapter04\yeje605.c(473): warning C4996: 'scanf': This function or variable may be unsafe. Consider using scanf_s instead. To disable deprecation, use _CRT_SECURE_NO_WARNINGS. See online help for details.
  c:\program files (x86)\windows kits\10\include\10.0.17763.0\ucrt\stdio.h(1274): note: 'scanf' 선언을 참조하십시오.
c:\users\administrator\source\repos\chapter04\c_language_practice\chapter04\yeje605.c(475): warning C4996: 'scanf': This function or variable may be unsafe. Consider using scanf_s instead. To disable deprecation, use _CRT_SECURE_NO_WARNINGS. See online help for details.
  c:\program files (x86)\windows kits\10\include\10.0.17763.0\ucrt\stdio.h(1274): note: 'scanf' 선언을 참조하십시오.
c:\users\administrator\source\repos\chapter04\c_language_practice\chapter04\yeje605.c(528): warning C4477: 'scanf' : 서식 문자열 '%d'에 'int *' 형식의 인수가 필요하지만 variadic 인수 1의 형식이 'int'입니다.
c:\users\administrator\source\repos\chapter04\c_language_practice\chapter04\yeje605.c(528): warning C4477: 'scanf' : 서식 문자열 '%d'에 'int *' 형식의 인수가 필요하지만 variadic 인수 2의 형식이 'int'입니다.
c:\users\administrator\source\repos\chapter04\c_language_practice\chapter04\yeje605.c(528): warning C4477: 'scanf' : 서식 문자열 '%d'에 'int *' 형식의 인수가 필요하지만 variadic 인수 3의 형식이 'int'입니다.
c:\users\administrator\source\repos\chapter04\c_language_practice\chapter04\yeje605.c(528): warning C4477: 'scanf' : 서식 문자열 '%d'에 'int *' 형식의 인수가 필요하지만 variadic 인수 4의 형식이 'int'입니다.
c:\users\administrator\source\repos\chapter04\c_language_practice\chapter04\yeje605.c(528): warning C4477: 'scanf' : 서식 문자열 '%d'에 'int *' 형식의 인수가 필요하지만 variadic 인수 5의 형식이 'int'입니다.
c:\users\administrator\source\repos\chapter04\c_language_practice\chapter04\yeje605.c(528): warning C4996: 'scanf': This function or variable may be unsafe. Consider using scanf_s instead. To disable deprecation, use _CRT_SECURE_NO_WARNINGS. See online help for details.
  c:\program files (x86)\windows kits\10\include\10.0.17763.0\ucrt\stdio.h(1274): note: 'scanf' 선언을 참조하십시오.
c:\users\administrator\source\repos\chapter04\c_language_practice\chapter04\yeje605.c(531): warning C4996: 'scanf': This function or variable may be unsafe. Consider using scanf_s instead. To disable deprecation, use _CRT_SECURE_NO_WARNINGS. See online help for details.
  c:\program files (x86)\windows kits\10\include\10.0.17763.0\ucrt\stdio.h(1274): note: 'scanf' 선언을 참조하십시오.
c:\users\administrator\source\repos\chapter04\c_language_practice\chapter04\yeje605.c(533): warning C4996: 'scanf': This function or variable may be unsafe. Consider using scanf_s instead. To disable deprecation, use _CRT_SECURE_NO_WARNINGS. See online help for details.
  c:\program files (x86)\windows kits\10\include\10.0.17763.0\ucrt\stdio.h(1274): note: 'scanf' 선언을 참조하십시오.
c:\users\administrator\source\repos\chapter04\c_language_practice\chapter04\yeje605.c(188): warning C4716: 'check': 값을 반환해야 합니다.
c:\users\administrator\source\repos\chapter04\c_language_practice\chapter04\yeje605.c(251): warning C4700: 초기화되지 않은 'sum' 지역 변수를 사용했습니다.
c:\users\administrator\source\repos\chapter04\c_language_practice\chapter04\yeje605.c(263): warning C4700: 초기화되지 않은 'p' 지역 변수를 사용했습니다.
  Chapter04.vcxproj -> C:\Users\Administrator\source\repos\Chapter04\C_language_practice\x64\Debug\C_practice.exe
