  Yeje556.c
c:\users\administrator\source\repos\chapter04\chapter04\yeje556.c(61): warning C4013: 'gets'이(가) 정의되지 않았습니다. extern은 int형을 반환하는 것으로 간주합니다.
c:\users\administrator\source\repos\chapter04\chapter04\yeje556.c(68): warning C4996: 'strtok': This function or variable may be unsafe. Consider using strtok_s instead. To disable deprecation, use _CRT_SECURE_NO_WARNINGS. See online help for details.
  c:\program files (x86)\windows kits\10\include\10.0.17763.0\ucrt\string.h(440): note: 'strtok' 선언을 참조하십시오.
c:\users\administrator\source\repos\chapter04\chapter04\yeje556.c(73): warning C4996: 'strcat': This function or variable may be unsafe. Consider using strcat_s instead. To disable deprecation, use _CRT_SECURE_NO_WARNINGS. See online help for details.
  c:\program files (x86)\windows kits\10\include\10.0.17763.0\ucrt\string.h(90): note: 'strcat' 선언을 참조하십시오.
c:\users\administrator\source\repos\chapter04\chapter04\yeje556.c(75): warning C4996: 'strcat': This function or variable may be unsafe. Consider using strcat_s instead. To disable deprecation, use _CRT_SECURE_NO_WARNINGS. See online help for details.
  c:\program files (x86)\windows kits\10\include\10.0.17763.0\ucrt\string.h(90): note: 'strcat' 선언을 참조하십시오.
c:\users\administrator\source\repos\chapter04\chapter04\yeje556.c(76): warning C4996: 'strtok': This function or variable may be unsafe. Consider using strtok_s instead. To disable deprecation, use _CRT_SECURE_NO_WARNINGS. See online help for details.
  c:\program files (x86)\windows kits\10\include\10.0.17763.0\ucrt\string.h(440): note: 'strtok' 선언을 참조하십시오.
c:\users\administrator\source\repos\chapter04\chapter04\yeje556.c(77): warning C4996: 'strcat': This function or variable may be unsafe. Consider using strcat_s instead. To disable deprecation, use _CRT_SECURE_NO_WARNINGS. See online help for details.
  c:\program files (x86)\windows kits\10\include\10.0.17763.0\ucrt\string.h(90): note: 'strcat' 선언을 참조하십시오.
c:\users\administrator\source\repos\chapter04\chapter04\yeje556.c(94): warning C4047: '!=': 'int'의 간접 참조 수준이 'void *'과(와) 다릅니다.
c:\users\administrator\source\repos\chapter04\chapter04\yeje556.c(91): warning C4101: 'p' :참조되지 않은 지역 변수입니다.
c:\users\administrator\source\repos\chapter04\chapter04\yeje556.c(113): warning C4996: 'strtok': This function or variable may be unsafe. Consider using strtok_s instead. To disable deprecation, use _CRT_SECURE_NO_WARNINGS. See online help for details.
  c:\program files (x86)\windows kits\10\include\10.0.17763.0\ucrt\string.h(440): note: 'strtok' 선언을 참조하십시오.
c:\users\administrator\source\repos\chapter04\chapter04\yeje556.c(115): warning C4996: 'strtok': This function or variable may be unsafe. Consider using strtok_s instead. To disable deprecation, use _CRT_SECURE_NO_WARNINGS. See online help for details.
  c:\program files (x86)\windows kits\10\include\10.0.17763.0\ucrt\string.h(440): note: 'strtok' 선언을 참조하십시오.
c:\users\administrator\source\repos\chapter04\chapter04\yeje556.c(131): warning C4996: 'strtok': This function or variable may be unsafe. Consider using strtok_s instead. To disable deprecation, use _CRT_SECURE_NO_WARNINGS. See online help for details.
  c:\program files (x86)\windows kits\10\include\10.0.17763.0\ucrt\string.h(440): note: 'strtok' 선언을 참조하십시오.
c:\users\administrator\source\repos\chapter04\chapter04\yeje556.c(137): warning C4996: 'strtok': This function or variable may be unsafe. Consider using strtok_s instead. To disable deprecation, use _CRT_SECURE_NO_WARNINGS. See online help for details.
  c:\program files (x86)\windows kits\10\include\10.0.17763.0\ucrt\string.h(440): note: 'strtok' 선언을 참조하십시오.
c:\users\administrator\source\repos\chapter04\chapter04\yeje556.c(152): warning C4047: '함수': 'int'의 간접 참조 수준이 'char [30]'과(와) 다릅니다.
c:\users\administrator\source\repos\chapter04\chapter04\yeje556.c(152): warning C4024: 'tolower': 형식 및 실제 매개 변수 1의 형식이 서로 다릅니다.
c:\users\administrator\source\repos\chapter04\chapter04\yeje556.c(154): warning C4018: '<': signed 또는 unsigned가 일치하지 않습니다.
c:\users\administrator\source\repos\chapter04\chapter04\yeje556.c(178): warning C4047: 'return': 'char'의 간접 참조 수준이 'char *'과(와) 다릅니다.
c:\users\administrator\source\repos\chapter04\chapter04\yeje556.c(185): warning C4047: '=': 'char'의 간접 참조 수준이 'void *'과(와) 다릅니다.
c:\users\administrator\source\repos\chapter04\chapter04\yeje556.c(187): warning C4098: 'lastupper': 'void' 함수에서 값을 반환하고 있습니다.
c:\users\administrator\source\repos\chapter04\chapter04\yeje556.c(197): warning C4996: 'strtok': This function or variable may be unsafe. Consider using strtok_s instead. To disable deprecation, use _CRT_SECURE_NO_WARNINGS. See online help for details.
  c:\program files (x86)\windows kits\10\include\10.0.17763.0\ucrt\string.h(440): note: 'strtok' 선언을 참조하십시오.
c:\users\administrator\source\repos\chapter04\chapter04\yeje556.c(200): warning C4996: 'strtok': This function or variable may be unsafe. Consider using strtok_s instead. To disable deprecation, use _CRT_SECURE_NO_WARNINGS. See online help for details.
  c:\program files (x86)\windows kits\10\include\10.0.17763.0\ucrt\string.h(440): note: 'strtok' 선언을 참조하십시오.
c:\users\administrator\source\repos\chapter04\chapter04\yeje556.c(210): warning C4013: 'str_upper'이(가) 정의되지 않았습니다. extern은 int형을 반환하는 것으로 간주합니다.
c:\users\administrator\source\repos\chapter04\chapter04\yeje556.c(240): warning C4047: '!=': 'int'의 간접 참조 수준이 'void *'과(와) 다릅니다.
c:\users\administrator\source\repos\chapter04\chapter04\yeje556.c(326): warning C4996: 'scanf': This function or variable may be unsafe. Consider using scanf_s instead. To disable deprecation, use _CRT_SECURE_NO_WARNINGS. See online help for details.
  c:\program files (x86)\windows kits\10\include\10.0.17763.0\ucrt\stdio.h(1274): note: 'scanf' 선언을 참조하십시오.
c:\users\administrator\source\repos\chapter04\chapter04\yeje556.c(365): warning C4996: 'scanf': This function or variable may be unsafe. Consider using scanf_s instead. To disable deprecation, use _CRT_SECURE_NO_WARNINGS. See online help for details.
  c:\program files (x86)\windows kits\10\include\10.0.17763.0\ucrt\stdio.h(1274): note: 'scanf' 선언을 참조하십시오.
c:\users\administrator\source\repos\chapter04\chapter04\yeje556.c(224): warning C4715: 'get_response': 모든 제어 경로에서 값을 반환하지는 않습니다.
c:\users\administrator\source\repos\chapter04\chapter04\yeje556.c(251): warning C4716: 'str_upper': 값을 반환해야 합니다.
  Chapter04.vcxproj -> C:\Users\Administrator\source\repos\Chapter04\Debug\Chapter04.exe
